2025-12-17 16:07:26:726 [32minfo[39m: [32mConnecting to infrastructure...[39m
2025-12-17 16:07:26:726 [32minfo[39m: [32m✅ Database connection established[39m
2025-12-17 16:07:26:726 [32minfo[39m: [32mRedis connected successfully[39m
2025-12-17 16:07:26:726 [32minfo[39m: [32m✅ Redis connection established[39m
2025-12-17 16:07:26:726 [32minfo[39m: [32m🚀 Server running in development mode on port 3000[39m
2025-12-17 16:07:56:756 [32minfo[39m: [32mConnecting to infrastructure...[39m
2025-12-17 16:07:56:756 [32minfo[39m: [32m✅ Database connection established[39m
2025-12-17 16:07:56:756 [32minfo[39m: [32mRedis connected successfully[39m
2025-12-17 16:07:56:756 [32minfo[39m: [32m✅ Redis connection established[39m
2025-12-17 16:07:56:756 [32minfo[39m: [32m🚀 Server running in development mode on port 3000[39m
2025-12-17 16:19:50:1950 [32minfo[39m: [32mConnecting to infrastructure...[39m
2025-12-17 16:19:50:1950 [32minfo[39m: [32m✅ Database connection established[39m
2025-12-17 16:19:50:1950 [32minfo[39m: [32mRedis connected successfully[39m
2025-12-17 16:19:50:1950 [32minfo[39m: [32m✅ Redis connection established[39m
2025-12-17 16:19:50:1950 [32minfo[39m: [32m✅ All background workers initialized[39m
2025-12-17 16:19:50:1950 [32minfo[39m: [32m🚀 Server running in development mode on port 3000[39m
2025-12-17 16:19:53:1953 [32minfo[39m: [32mConnecting to infrastructure...[39m
2025-12-17 16:19:53:1953 [32minfo[39m: [32m✅ Database connection established[39m
2025-12-17 16:19:53:1953 [32minfo[39m: [32mRedis connected successfully[39m
2025-12-17 16:19:53:1953 [32minfo[39m: [32m✅ Redis connection established[39m
2025-12-17 16:19:53:1953 [32minfo[39m: [32m✅ All background workers initialized[39m
2025-12-17 16:19:53:1953 [32minfo[39m: [32m🚀 Server running in development mode on port 3000[39m
2025-12-17 17:58:41:5841 [32minfo[39m: [32mConnecting to infrastructure...[39m
2025-12-17 17:58:41:5841 [32minfo[39m: [32m✅ Database connection established[39m
2025-12-17 17:58:41:5841 [32minfo[39m: [32mRedis connected successfully[39m
2025-12-17 17:58:41:5841 [32minfo[39m: [32m✅ Redis connection established[39m
2025-12-17 17:58:41:5841 [32minfo[39m: [32m✅ All background workers initialized[39m
2025-12-17 17:58:41:5841 [32minfo[39m: [32m🚀 Server running in development mode on port 3000[39m
2025-12-17 18:10:13:1013 [32minfo[39m: [32mConnecting to infrastructure...[39m
2025-12-17 18:10:13:1013 [32minfo[39m: [32m✅ Database connection established[39m
2025-12-17 18:10:13:1013 [32minfo[39m: [32mRedis connected successfully[39m
2025-12-17 18:10:13:1013 [32minfo[39m: [32m✅ Redis connection established[39m
2025-12-17 18:10:13:1013 [32minfo[39m: [32m✅ All background workers initialized[39m
2025-12-17 18:10:13:1013 [32minfo[39m: [32m🚀 Server running in development mode on port 3000[39m
2025-12-17 18:11:54:1154 [32minfo[39m: [32mConnecting to infrastructure...[39m
2025-12-17 18:11:55:1155 [32minfo[39m: [32m✅ Database connection established[39m
2025-12-17 18:11:55:1155 [32minfo[39m: [32mRedis connected successfully[39m
2025-12-17 18:11:55:1155 [32minfo[39m: [32m✅ Redis connection established[39m
2025-12-17 18:11:55:1155 [32minfo[39m: [32m✅ All background workers initialized[39m
2025-12-17 18:11:55:1155 [32minfo[39m: [32m🚀 Server running in development mode on port 3000[39m
2025-12-17 18:13:04:134 [31merror[39m: [31m[POST] /api/v1/users/register >> 400 - "email" is required, "password" is required[39m
2025-12-17 18:13:30:1330 [31merror[39m: [31m[POST] /api/v1/users/register >> 400 - "password" is required[39m
2025-12-17 18:13:41:1341 [31merror[39m: [31m[POST] /api/v1/users/register >> 500 - Expected double-quoted property name in JSON at position 60 (line 4 column 1)[39m
2025-12-17 18:14:24:1424 [31merror[39m: [31m[POST] /api/v1/users/register >> 400 - "password" length must be at least 8 characters long[39m
2025-12-17 18:14:36:1436 [31merror[39m: [31m[POST] /api/v1/users/register >> 500 - [39m
[31mInvalid `prisma.user.findUnique()` invocation in[39m
[31mE:\Projects Starter\backend-node\src\features\users\data\user.repository.ts:10:24[39m

[31m   7 }[39m
[31m   8 [39m
[31m   9 async findByEmail(email: string): Promise<User | null> {[39m
[31m→ 10   return prisma.user.findUnique([39m
[31mServer has closed the connection.[39m
2025-12-17 18:15:22:1522 [32minfo[39m: [32mConnecting to infrastructure...[39m
2025-12-17 18:15:22:1522 [32minfo[39m: [32m✅ Database connection established[39m
2025-12-17 18:15:22:1522 [32minfo[39m: [32mRedis connected successfully[39m
2025-12-17 18:15:22:1522 [32minfo[39m: [32m✅ Redis connection established[39m
2025-12-17 18:15:22:1522 [32minfo[39m: [32m✅ All background workers initialized[39m
2025-12-17 18:15:22:1522 [32minfo[39m: [32m🚀 Server running in development mode on port 3000[39m
2025-12-17 18:16:18:1618 [32minfo[39m: [32mConnecting to infrastructure...[39m
2025-12-17 18:16:18:1618 [32minfo[39m: [32m✅ Database connection established[39m
2025-12-17 18:16:18:1618 [32minfo[39m: [32mRedis connected successfully[39m
2025-12-17 18:16:18:1618 [32minfo[39m: [32m✅ Redis connection established[39m
2025-12-17 18:16:18:1618 [32minfo[39m: [32m✅ Rate limiter initialized with Redis store[39m
2025-12-17 18:16:18:1618 [32minfo[39m: [32m✅ Rate Limiter initialized[39m
2025-12-17 18:16:18:1618 [32minfo[39m: [32m✅ All background workers initialized[39m
2025-12-17 18:16:18:1618 [32minfo[39m: [32m🚀 Server running in development mode on port 3000[39m
2025-12-17 18:16:30:1630 [31merror[39m: [31m[POST] /api/v1/users/register >> 500 - [39m
[31mInvalid `prisma.user.findUnique()` invocation in[39m
[31mE:\Projects Starter\backend-node\src\features\users\data\user.repository.ts:10:24[39m

[31m   7 }[39m
[31m   8 [39m
[31m   9 async findByEmail(email: string): Promise<User | null> {[39m
[31m→ 10   return prisma.user.findUnique([39m
[31mThe table `public.users` does not exist in the current database.[39m
2025-12-17 18:17:05:175 [32minfo[39m: [32mConnecting to infrastructure...[39m
2025-12-17 18:17:05:175 [32minfo[39m: [32m✅ Database connection established[39m
2025-12-17 18:17:05:175 [32minfo[39m: [32mRedis connected successfully[39m
2025-12-17 18:17:05:175 [32minfo[39m: [32m✅ Redis connection established[39m
2025-12-17 18:17:05:175 [32minfo[39m: [32m✅ Rate limiter initialized with Redis store[39m
2025-12-17 18:17:05:175 [32minfo[39m: [32m✅ Rate Limiter initialized[39m
2025-12-17 18:17:05:175 [32minfo[39m: [32m✅ All background workers initialized[39m
2025-12-17 18:17:05:175 [32minfo[39m: [32m🚀 Server running in development mode on port 3000[39m
2025-12-17 18:17:44:1744 [32minfo[39m: [32mConnecting to infrastructure...[39m
2025-12-17 18:17:44:1744 [32minfo[39m: [32m✅ Database connection established[39m
2025-12-17 18:17:44:1744 [32minfo[39m: [32mRedis connected successfully[39m
2025-12-17 18:17:44:1744 [32minfo[39m: [32m✅ Redis connection established[39m
2025-12-17 18:17:44:1744 [32minfo[39m: [32m✅ Rate limiter initialized with Redis store[39m
2025-12-17 18:17:44:1744 [32minfo[39m: [32m✅ Rate Limiter initialized[39m
2025-12-17 18:17:44:1744 [32minfo[39m: [32m✅ All background workers initialized[39m
2025-12-17 18:17:44:1744 [32minfo[39m: [32m🚀 Server running in development mode on port 3000[39m
2025-12-17 18:17:48:1748 [32minfo[39m: [32mConnecting to infrastructure...[39m
2025-12-17 18:17:48:1748 [32minfo[39m: [32m✅ Database connection established[39m
2025-12-17 18:17:48:1748 [32minfo[39m: [32mRedis connected successfully[39m
2025-12-17 18:17:48:1748 [32minfo[39m: [32m✅ Redis connection established[39m
2025-12-17 18:17:48:1748 [32minfo[39m: [32m✅ Rate limiter initialized with Redis store[39m
2025-12-17 18:17:48:1748 [32minfo[39m: [32m✅ Rate Limiter initialized[39m
2025-12-17 18:17:48:1748 [32minfo[39m: [32m✅ All background workers initialized[39m
2025-12-17 18:17:48:1748 [32minfo[39m: [32m🚀 Server running in development mode on port 3000[39m
2025-12-17 18:18:27:1827 [31merror[39m: [31m[POST] /api/v1/users/register >> 500 - Connection terminated due to connection timeout[39m
2025-12-17 18:26:47:2647 [32minfo[39m: [32mConnecting to infrastructure...[39m
2025-12-17 18:26:47:2647 [32minfo[39m: [32m✅ Database connection established[39m
2025-12-17 18:26:47:2647 [32minfo[39m: [32mRedis connected successfully[39m
2025-12-17 18:26:47:2647 [32minfo[39m: [32m✅ Redis connection established[39m
2025-12-17 18:26:47:2647 [32minfo[39m: [32m✅ Rate limiter initialized with Redis store[39m
2025-12-17 18:26:47:2647 [32minfo[39m: [32m✅ Rate Limiter initialized[39m
2025-12-17 18:26:47:2647 [32minfo[39m: [32m✅ All background workers initialized[39m
2025-12-17 18:26:47:2647 [32minfo[39m: [32m🚀 Server running in development mode on port 3000[39m
2025-12-17 18:26:53:2653 [31merror[39m: [31m[POST] /api/v1/users/register >> 500 - [39m
[31mInvalid `prisma.user.findUnique()` invocation in[39m
[31mE:\Projects Starter\backend-node\src\features\users\data\user.repository.ts:10:24[39m

[31m   7 }[39m
[31m   8 [39m
[31m   9 async findByEmail(email: string): Promise<User | null> {[39m
[31m→ 10   return prisma.user.findUnique([39m
[31mThe table `public.users` does not exist in the current database.[39m
2025-12-17 18:27:35:2735 [32minfo[39m: [32mSIGINT received. Starting graceful shutdown...[39m
2025-12-17 18:36:53:3653 [32minfo[39m: [32mConnecting to infrastructure...[39m
2025-12-17 18:36:54:3654 [32minfo[39m: [32m✅ Database connection established[39m
2025-12-17 18:36:54:3654 [32minfo[39m: [32mRedis connected successfully[39m
2025-12-17 18:36:54:3654 [32minfo[39m: [32m✅ Redis connection established[39m
2025-12-17 18:36:54:3654 [32minfo[39m: [32m✅ Rate limiter initialized with Redis store[39m
2025-12-17 18:36:54:3654 [32minfo[39m: [32m✅ Rate Limiter initialized[39m
2025-12-17 18:36:54:3654 [32minfo[39m: [32m✅ All background workers initialized[39m
2025-12-17 18:36:54:3654 [32minfo[39m: [32m🚀 Server running in development mode on port 3000[39m
2025-12-17 18:37:05:375 [31merror[39m: [31m[POST] /api/v1/users/register >> 500 - [39m
[31mInvalid `prisma.user.findUnique()` invocation in[39m
[31mE:\Projects Starter\backend-node\src\features\users\data\user.repository.ts:10:24[39m

[31m   7 }[39m
[31m   8 [39m
[31m   9 async findByEmail(email: string): Promise<User | null> {[39m
[31m→ 10   return prisma.user.findUnique([39m
[31mThe table `public.users` does not exist in the current database.[39m
2025-12-17 19:18:53:1853 [31merror[39m: [31m[POST] /api/v1/users/register >> 500 - [39m
[31mInvalid `prisma.user.findUnique()` invocation in[39m
[31mE:\Projects Starter\backend-node\src\features\users\data\user.repository.ts:10:24[39m

[31m   7 }[39m
[31m   8 [39m
[31m   9 async findByEmail(email: string): Promise<User | null> {[39m
[31m→ 10   return prisma.user.findUnique([39m
[31mCan't reach database server at db.prisma.io[39m
2025-12-17 19:22:12:2212 [32minfo[39m: [32mSIGINT received. Starting graceful shutdown...[39m
2025-12-17 19:22:23:2223 [32minfo[39m: [32mConnecting to infrastructure...[39m
2025-12-17 19:22:23:2223 [32minfo[39m: [32m✅ Database connection established[39m
2025-12-17 19:22:23:2223 [32minfo[39m: [32mRedis connected successfully[39m
2025-12-17 19:22:23:2223 [32minfo[39m: [32m✅ Redis connection established[39m
2025-12-17 19:22:23:2223 [32minfo[39m: [32m✅ Rate limiter initialized with Redis store[39m
2025-12-17 19:22:23:2223 [32minfo[39m: [32m✅ Rate Limiter initialized[39m
2025-12-17 19:22:23:2223 [32minfo[39m: [32m✅ All background workers initialized[39m
2025-12-17 19:22:23:2223 [32minfo[39m: [32m🚀 Server running in development mode on port 3000[39m
2025-12-17 19:22:27:2227 [32minfo[39m: [32mJob added to queue [email-queue]: send-welcome[39m
2025-12-17 19:24:50:2450 [31merror[39m: [31m[POST] /api/v1/users/register >> 409 - Email already registered[39m
2025-12-17 19:25:01:251 [32minfo[39m: [32mJob added to queue [email-queue]: send-welcome[39m
2025-12-17 20:36:39:3639 [32minfo[39m: [32mSIGINT received. Starting graceful shutdown...[39m
2025-12-17 21:17:50:1750 [32minfo[39m: [32mConnecting to infrastructure...[39m
2025-12-17 21:17:50:1750 [32minfo[39m: [32m✅ Database connection established[39m
2025-12-17 21:17:50:1750 [32minfo[39m: [32mRedis connected successfully[39m
2025-12-17 21:17:50:1750 [32minfo[39m: [32m✅ Redis connection established[39m
2025-12-17 21:17:50:1750 [32minfo[39m: [32m✅ Rate limiter initialized with Redis store[39m
2025-12-17 21:17:50:1750 [32minfo[39m: [32m✅ Rate Limiter initialized[39m
2025-12-17 21:17:50:1750 [32minfo[39m: [32m✅ All background workers initialized[39m
2025-12-17 21:17:50:1750 [32minfo[39m: [32m🚀 Server running in development mode on port 3000[39m
2025-12-17 21:17:54:1754 [32minfo[39m: [32mSIGINT received. Starting graceful shutdown...[39m
2025-12-17 21:17:54:1754 [32minfo[39m: [32mHTTP server closed.[39m
2025-12-17 21:17:54:1754 [32minfo[39m: [32mDatabase connections closed.[39m
2025-12-17 21:22:42:2242 [32minfo[39m: [32mConnecting to infrastructure...[39m
2025-12-17 21:22:42:2242 [32minfo[39m: [32m✅ Database connection established[39m
2025-12-17 21:22:42:2242 [32minfo[39m: [32mRedis connected successfully[39m
2025-12-17 21:22:42:2242 [32minfo[39m: [32m✅ Redis connection established[39m
2025-12-17 21:22:42:2242 [32minfo[39m: [32m✅ Rate limiter initialized with Redis store[39m
2025-12-17 21:22:42:2242 [32minfo[39m: [32m✅ Rate Limiter initialized[39m
2025-12-17 21:22:42:2242 [32minfo[39m: [32m✅ All background workers initialized[39m
2025-12-17 21:22:42:2242 [32minfo[39m: [32m🚀 Server running in development mode on port 3000[39m
2025-12-17 21:22:44:2244 [32minfo[39m: [32mJob added to queue [email-queue]: send-welcome[39m
2025-12-17 21:24:03:243 [32minfo[39m: [32mSIGINT received. Starting graceful shutdown...[39m
2025-12-17 21:24:03:243 [32minfo[39m: [32mHTTP server closed.[39m
2025-12-17 21:24:03:243 [32minfo[39m: [32mDatabase connections closed.[39m
