2025-12-17 18:13:04:134 [31merror[39m: [31m[POST] /api/v1/users/register >> 400 - "email" is required, "password" is required[39m
2025-12-17 18:13:30:1330 [31merror[39m: [31m[POST] /api/v1/users/register >> 400 - "password" is required[39m
2025-12-17 18:13:41:1341 [31merror[39m: [31m[POST] /api/v1/users/register >> 500 - Expected double-quoted property name in JSON at position 60 (line 4 column 1)[39m
2025-12-17 18:14:24:1424 [31merror[39m: [31m[POST] /api/v1/users/register >> 400 - "password" length must be at least 8 characters long[39m
2025-12-17 18:14:36:1436 [31merror[39m: [31m[POST] /api/v1/users/register >> 500 - [39m
[31mInvalid `prisma.user.findUnique()` invocation in[39m
[31mE:\Projects Starter\backend-node\src\features\users\data\user.repository.ts:10:24[39m

[31m   7 }[39m
[31m   8 [39m
[31m   9 async findByEmail(email: string): Promise<User | null> {[39m
[31m→ 10   return prisma.user.findUnique([39m
[31mServer has closed the connection.[39m
2025-12-17 18:16:30:1630 [31merror[39m: [31m[POST] /api/v1/users/register >> 500 - [39m
[31mInvalid `prisma.user.findUnique()` invocation in[39m
[31mE:\Projects Starter\backend-node\src\features\users\data\user.repository.ts:10:24[39m

[31m   7 }[39m
[31m   8 [39m
[31m   9 async findByEmail(email: string): Promise<User | null> {[39m
[31m→ 10   return prisma.user.findUnique([39m
[31mThe table `public.users` does not exist in the current database.[39m
2025-12-17 18:18:27:1827 [31merror[39m: [31m[POST] /api/v1/users/register >> 500 - Connection terminated due to connection timeout[39m
2025-12-17 18:26:53:2653 [31merror[39m: [31m[POST] /api/v1/users/register >> 500 - [39m
[31mInvalid `prisma.user.findUnique()` invocation in[39m
[31mE:\Projects Starter\backend-node\src\features\users\data\user.repository.ts:10:24[39m

[31m   7 }[39m
[31m   8 [39m
[31m   9 async findByEmail(email: string): Promise<User | null> {[39m
[31m→ 10   return prisma.user.findUnique([39m
[31mThe table `public.users` does not exist in the current database.[39m
2025-12-17 18:27:35:2735 [31merror[39m: [31mError during graceful shutdown: The client is closed[39m
2025-12-17 18:37:05:375 [31merror[39m: [31m[POST] /api/v1/users/register >> 500 - [39m
[31mInvalid `prisma.user.findUnique()` invocation in[39m
[31mE:\Projects Starter\backend-node\src\features\users\data\user.repository.ts:10:24[39m

[31m   7 }[39m
[31m   8 [39m
[31m   9 async findByEmail(email: string): Promise<User | null> {[39m
[31m→ 10   return prisma.user.findUnique([39m
[31mThe table `public.users` does not exist in the current database.[39m
2025-12-17 19:18:53:1853 [31merror[39m: [31m[POST] /api/v1/users/register >> 500 - [39m
[31mInvalid `prisma.user.findUnique()` invocation in[39m
[31mE:\Projects Starter\backend-node\src\features\users\data\user.repository.ts:10:24[39m

[31m   7 }[39m
[31m   8 [39m
[31m   9 async findByEmail(email: string): Promise<User | null> {[39m
[31m→ 10   return prisma.user.findUnique([39m
[31mCan't reach database server at db.prisma.io[39m
2025-12-17 19:24:50:2450 [31merror[39m: [31m[POST] /api/v1/users/register >> 409 - Email already registered[39m
2025-12-19 20:43:44:4344 [31merror[39m: [31mUnhandled Rejection at Promise: redisClient is not defined[39m
2025-12-19 20:43:44:4344 [31merror[39m: [31mUnhandled Rejection at Promise: redisClient is not defined[39m
2025-12-19 20:43:55:4355 [31merror[39m: [31mUnhandled Rejection at Promise: redisClient is not defined[39m
2025-12-19 20:43:55:4355 [31merror[39m: [31mUnhandled Rejection at Promise: redisClient is not defined[39m
2025-12-19 20:45:43:4543 [31merror[39m: [31mUnhandled Rejection at Promise: redisClient is not defined[39m
2025-12-19 20:45:43:4543 [31merror[39m: [31mUnhandled Rejection at Promise: redisClient is not defined[39m
2025-12-19 20:46:10:4610 [31merror[39m: [31mUnhandled Rejection at Promise: redisClient is not defined[39m
2025-12-19 20:46:10:4610 [31merror[39m: [31mUnhandled Rejection at Promise: redisClient is not defined[39m
2025-12-19 20:46:15:4615 [31merror[39m: [31mUnhandled Rejection at Promise: redisClient is not defined[39m
2025-12-19 20:46:15:4615 [31merror[39m: [31mUnhandled Rejection at Promise: redisClient is not defined[39m
2025-12-19 20:46:20:4620 [31merror[39m: [31mUnhandled Rejection at Promise: redisClient is not defined[39m
2025-12-19 20:46:20:4620 [31merror[39m: [31mUnhandled Rejection at Promise: redisClient is not defined[39m
2025-12-19 21:07:02:72 [31merror[39m: [31m[POST] /api/v1/auth/login >> 500 - Invalid credentials[39m
2025-12-19 21:08:20:820 [31merror[39m: [31m[POST] /api/v1/auth/login >> 500 - Invalid credentials[39m
2025-12-19 21:08:38:838 [31merror[39m: [31m[POST] /api/v1/auth/login >> 500 - Invalid credentials[39m
2025-12-19 21:10:17:1017 [31merror[39m: [31mUnhandled Rejection at Promise: Invalid credentials[39m
2025-12-19 21:24:17:2417 [31merror[39m: [31m[POST] /api/v1/auth/login >> 401 - Invalid credentials[39m
2025-12-19 21:24:23:2423 [31merror[39m: [31m[POST] /api/v1/users/register >> 409 - Email already registered[39m
2025-12-19 21:24:40:2440 [31merror[39m: [31mRedis Set Error [Key: refresh_token:f3df587a-9a7f-4767-b210-b3a08e2f6f60]: redis_1.redisClient.setEx is not a function[39m
2025-12-25 15:30:30:3030 [31merror[39m: [31m[POST] /api/v1/users/register >> 400 - "email" is required[39m
2025-12-25 15:30:39:3039 [31merror[39m: [31m[POST] /api/v1/users/register >> 400 - "email" must be a valid email[39m
2025-12-25 15:30:50:3050 [31merror[39m: [31m[POST] /api/v1/users/register >> 409 - Email already registered[39m
2025-12-25 15:35:34:3534 [31merror[39m: [31m[GET] /api/check-health >> 404 - Resource not found[39m
2025-12-28 10:56:55:5655 [31merror[39m: [31m❌ Redis Client Error[39m
2025-12-28 10:56:55:5655 [31merror[39m: [31m❌ Redis Client Error[39m
2025-12-28 10:56:56:5656 [31merror[39m: [31m❌ Redis Client Error[39m
2025-12-28 10:56:56:5656 [31merror[39m: [31m❌ Redis Client Error[39m
2025-12-28 10:56:56:5656 [31merror[39m: [31m❌ Redis Client Error[39m
2025-12-28 10:56:57:5657 [31merror[39m: [31m❌ Redis Client Error[39m
2025-12-28 10:56:57:5657 [31merror[39m: [31m❌ Redis Client Error[39m
2025-12-28 10:56:58:5658 [31merror[39m: [31m❌ Redis Client Error[39m
2025-12-28 10:56:59:5659 [31merror[39m: [31m❌ Redis Client Error[39m
2025-12-28 10:56:59:5659 [31merror[39m: [31m❌ Redis Client Error[39m
2025-12-28 10:57:00:570 [31merror[39m: [31m❌ Redis Client Error[39m
2025-12-28 10:57:01:571 [31merror[39m: [31m❌ Redis Client Error[39m
2025-12-28 10:57:01:571 [31merror[39m: [31m❌ Redis Client Error[39m
2025-12-28 10:57:02:572 [31merror[39m: [31m❌ Redis Client Error[39m
2025-12-28 10:57:03:573 [31merror[39m: [31m❌ Redis Client Error[39m
2025-12-28 10:57:04:574 [31merror[39m: [31m❌ Redis Client Error[39m
2025-12-28 10:57:05:575 [31merror[39m: [31m❌ Redis Client Error[39m
2025-12-28 10:57:06:576 [31merror[39m: [31m❌ Redis Client Error[39m
2025-12-28 10:57:07:577 [31merror[39m: [31m❌ Redis Client Error[39m
2025-12-28 10:57:09:579 [31merror[39m: [31m❌ Redis Client Error[39m
2025-12-28 10:57:10:5710 [31merror[39m: [31m❌ Redis Client Error[39m
2025-12-28 10:57:11:5711 [31merror[39m: [31m❌ Redis Client Error[39m
2025-12-28 10:57:12:5712 [31merror[39m: [31m❌ Redis Client Error[39m
2025-12-28 10:57:14:5714 [31merror[39m: [31m❌ Redis Client Error[39m
2025-12-28 10:57:15:5715 [31merror[39m: [31m❌ Redis Client Error[39m
2025-12-28 10:57:17:5717 [31merror[39m: [31m❌ Redis Client Error[39m
2025-12-28 10:57:18:5718 [31merror[39m: [31m❌ Redis Client Error[39m
2025-12-28 10:57:20:5720 [31merror[39m: [31m❌ Redis Client Error[39m
2025-12-28 10:57:21:5721 [31merror[39m: [31m❌ Redis Client Error[39m
2025-12-28 10:57:23:5723 [31merror[39m: [31m❌ Redis Client Error[39m
2025-12-28 10:57:25:5725 [31merror[39m: [31m❌ Redis Client Error[39m
